<?xml version="1.0" encoding="UTF-8"?>
<!-- Generated by org.testng.reporters.JUnitXMLReporter -->
<testsuite ignored="0" hostname="LAPTOP-OL7R0RQ3" failures="1" tests="7" name="Test" time="0.022" errors="0" timestamp="06 Jan 2023 05:33:22 GMT">
  <testcase classname="selenium.Testing1" name="f" time="0.0"/>
  <testcase classname="selenium.Testing1" name="f" time="0.0"/>
  <testcase classname="selenium.Testing2" name="test2" time="0.0"/>
  <testcase classname="selenium.Testing3" name="createUser" time="0.002">
    <failure type="java.lang.AssertionError" message="null">
      <![CDATA[java.lang.AssertionError: null
at selenium.Testing3.createUser(Testing3.java:10)
... Removed 26 stack frames]]>
    </failure>
  </testcase> <!-- createUser -->
  <testcase classname="selenium.Testing2" name="test1" time="0.0"/>
  <testcase classname="selenium.Testing3" name="modifyUser" time="0.0">
    <skipped/>
  </testcase> <!-- modifyUser -->
  <testcase classname="selenium.Testing3" name="deleteUser" time="0.0">
    <skipped/>
  </testcase> <!-- deleteUser -->
</testsuite> <!-- Test -->
